/home/bo/anaconda3/envs/lwss/lib/python3.7/site-packages/tensorflow/python/framework/dtypes.py:516: FutureWarning: Passing (type, 1) or '1type' as a synonym of type is deprecated; in a future version of numpy, it will be understood as (type, (1,)) / '(1,)type'.
  _np_qint8 = np.dtype([("qint8", np.int8, 1)])
/home/bo/anaconda3/envs/lwss/lib/python3.7/site-packages/tensorflow/python/framework/dtypes.py:517: FutureWarning: Passing (type, 1) or '1type' as a synonym of type is deprecated; in a future version of numpy, it will be understood as (type, (1,)) / '(1,)type'.
  _np_quint8 = np.dtype([("quint8", np.uint8, 1)])
/home/bo/anaconda3/envs/lwss/lib/python3.7/site-packages/tensorflow/python/framework/dtypes.py:518: FutureWarning: Passing (type, 1) or '1type' as a synonym of type is deprecated; in a future version of numpy, it will be understood as (type, (1,)) / '(1,)type'.
  _np_qint16 = np.dtype([("qint16", np.int16, 1)])
/home/bo/anaconda3/envs/lwss/lib/python3.7/site-packages/tensorflow/python/framework/dtypes.py:519: FutureWarning: Passing (type, 1) or '1type' as a synonym of type is deprecated; in a future version of numpy, it will be understood as (type, (1,)) / '(1,)type'.
  _np_quint16 = np.dtype([("quint16", np.uint16, 1)])
/home/bo/anaconda3/envs/lwss/lib/python3.7/site-packages/tensorflow/python/framework/dtypes.py:520: FutureWarning: Passing (type, 1) or '1type' as a synonym of type is deprecated; in a future version of numpy, it will be understood as (type, (1,)) / '(1,)type'.
  _np_qint32 = np.dtype([("qint32", np.int32, 1)])
/home/bo/anaconda3/envs/lwss/lib/python3.7/site-packages/tensorflow/python/framework/dtypes.py:525: FutureWarning: Passing (type, 1) or '1type' as a synonym of type is deprecated; in a future version of numpy, it will be understood as (type, (1,)) / '(1,)type'.
  np_resource = np.dtype([("resource", np.ubyte, 1)])
/home/bo/anaconda3/envs/lwss/lib/python3.7/site-packages/tensorboard/compat/tensorflow_stub/dtypes.py:541: FutureWarning: Passing (type, 1) or '1type' as a synonym of type is deprecated; in a future version of numpy, it will be understood as (type, (1,)) / '(1,)type'.
  _np_qint8 = np.dtype([("qint8", np.int8, 1)])
/home/bo/anaconda3/envs/lwss/lib/python3.7/site-packages/tensorboard/compat/tensorflow_stub/dtypes.py:542: FutureWarning: Passing (type, 1) or '1type' as a synonym of type is deprecated; in a future version of numpy, it will be understood as (type, (1,)) / '(1,)type'.
  _np_quint8 = np.dtype([("quint8", np.uint8, 1)])
/home/bo/anaconda3/envs/lwss/lib/python3.7/site-packages/tensorboard/compat/tensorflow_stub/dtypes.py:543: FutureWarning: Passing (type, 1) or '1type' as a synonym of type is deprecated; in a future version of numpy, it will be understood as (type, (1,)) / '(1,)type'.
  _np_qint16 = np.dtype([("qint16", np.int16, 1)])
/home/bo/anaconda3/envs/lwss/lib/python3.7/site-packages/tensorboard/compat/tensorflow_stub/dtypes.py:544: FutureWarning: Passing (type, 1) or '1type' as a synonym of type is deprecated; in a future version of numpy, it will be understood as (type, (1,)) / '(1,)type'.
  _np_quint16 = np.dtype([("quint16", np.uint16, 1)])
/home/bo/anaconda3/envs/lwss/lib/python3.7/site-packages/tensorboard/compat/tensorflow_stub/dtypes.py:545: FutureWarning: Passing (type, 1) or '1type' as a synonym of type is deprecated; in a future version of numpy, it will be understood as (type, (1,)) / '(1,)type'.
  _np_qint32 = np.dtype([("qint32", np.int32, 1)])
/home/bo/anaconda3/envs/lwss/lib/python3.7/site-packages/tensorboard/compat/tensorflow_stub/dtypes.py:550: FutureWarning: Passing (type, 1) or '1type' as a synonym of type is deprecated; in a future version of numpy, it will be understood as (type, (1,)) / '(1,)type'.
  np_resource = np.dtype([("resource", np.ubyte, 1)])
WARNING:tensorflow:
The TensorFlow contrib module will not be included in TensorFlow 2.0.
For more information, please see:
  * https://github.com/tensorflow/community/blob/master/rfcs/20180907-contrib-sunset.md
  * https://github.com/tensorflow/addons
  * https://github.com/tensorflow/io (for I/O related ops)
If you depend on functionality not listed there, please file an issue.

WARNING:tensorflow:From /home/bo/anaconda3/envs/lwss/lib/python3.7/site-packages/neuralgym/ops/layers.py:142: The name tf.image.resize_bilinear is deprecated. Please use tf.compat.v1.image.resize_bilinear instead.

WARNING:tensorflow:From /home/bo/anaconda3/envs/lwss/lib/python3.7/site-packages/neuralgym/callbacks/npz_model_loader.py:31: The name tf.get_variable_scope is deprecated. Please use tf.compat.v1.get_variable_scope instead.

WARNING:tensorflow:From /home/bo/anaconda3/envs/lwss/lib/python3.7/site-packages/neuralgym/ops/gan_ops.py:138: The name tf.layers.Conv2D is deprecated. Please use tf.compat.v1.layers.Conv2D instead.

WARNING:tensorflow:From /home/bo/anaconda3/envs/lwss/lib/python3.7/site-packages/neuralgym/data/data_from_fnames.py:85: The name tf.placeholder is deprecated. Please use tf.compat.v1.placeholder instead.

WARNING:tensorflow:From /home/lws/inpaint_ops.py:117: The name tf.random_uniform is deprecated. Please use tf.random.uniform instead.

WARNING:tensorflow:From /home/lws/inpaint_ops.py:143: The name tf.variable_scope is deprecated. Please use tf.compat.v1.variable_scope instead.

WARNING:tensorflow:From /home/lws/inpaint_ops.py:151: py_func (from tensorflow.python.ops.script_ops) is deprecated and will be removed in a future version.
Instructions for updating:
tf.py_func is deprecated in TF V2. Instead, there are two
    options available in V2.
    - tf.py_function takes a python function which manipulates tf eager
    tensors instead of numpy arrays. It's easy to convert a tf eager tensor to
    an ndarray (just call tensor.numpy()) but having access to eager tensors
    means `tf.py_function`s can use accelerators such as GPUs as well as
    being differentiable using a gradient tape.
    - tf.numpy_function maintains the semantics of the deprecated tf.py_func
    (it is not differentiable, and manipulates numpy arrays). It drops the
    stateful argument making all functions stateful.
    
WARNING:tensorflow:From /home/lws/inpaint_ops.py:48: conv2d (from tensorflow.python.layers.convolutional) is deprecated and will be removed in a future version.
Instructions for updating:
Use `tf.keras.layers.Conv2D` instead.
WARNING:tensorflow:From /home/bo/anaconda3/envs/lwss/lib/python3.7/site-packages/tensorflow/python/ops/init_ops.py:1251: calling VarianceScaling.__init__ (from tensorflow.python.ops.init_ops) with dtype is deprecated and will be removed in a future version.
Instructions for updating:
Call initializer instance with the dtype argument instead of passing it to the constructor
WARNING:tensorflow:From /home/lws/inpaint_ops.py:252: The name tf.image.resize_nearest_neighbor is deprecated. Please use tf.compat.v1.image.resize_nearest_neighbor instead.

WARNING:tensorflow:From /home/lws/inpaint_ops.py:284: calling extract_image_patches (from tensorflow.python.ops.array_ops) with ksizes is deprecated and will be removed in a future version.
Instructions for updating:
ksizes is deprecated, use sizes instead
WARNING:tensorflow:From /home/bo/anaconda3/envs/lwss/lib/python3.7/site-packages/neuralgym/ops/gan_ops.py:118: The name tf.get_variable is deprecated. Please use tf.compat.v1.get_variable instead.

WARNING:tensorflow:From /home/bo/anaconda3/envs/lwss/lib/python3.7/site-packages/tensorflow/contrib/layers/python/layers/layers.py:1634: flatten (from tensorflow.python.layers.core) is deprecated and will be removed in a future version.
Instructions for updating:
Use keras.layers.flatten instead.
WARNING:tensorflow:From /home/bo/anaconda3/envs/lwss/lib/python3.7/site-packages/neuralgym/ops/summary_ops.py:72: The name tf.summary.scalar is deprecated. Please use tf.compat.v1.summary.scalar instead.

WARNING:tensorflow:From train2.py:62: The name tf.train.AdamOptimizer is deprecated. Please use tf.compat.v1.train.AdamOptimizer instead.

WARNING:tensorflow:From /home/bo/anaconda3/envs/lwss/lib/python3.7/site-packages/tensorflow/python/ops/math_grad.py:1205: add_dispatch_support.<locals>.wrapper (from tensorflow.python.ops.array_ops) is deprecated and will be removed in a future version.
Instructions for updating:
Use tf.where in 2.0, which has the same broadcast rule as np.where
WARNING:tensorflow:From /home/bo/anaconda3/envs/lwss/lib/python3.7/site-packages/neuralgym/ops/summary_ops.py:129: The name tf.summary.image is deprecated. Please use tf.compat.v1.summary.image instead.

2022-04-04 10:58:11.152198: I tensorflow/core/platform/cpu_feature_guard.cc:142] Your CPU supports instructions that this TensorFlow binary was not compiled to use: AVX2 FMA
2022-04-04 10:58:11.254573: I tensorflow/core/platform/profile_utils/cpu_utils.cc:94] CPU Frequency: 2199985000 Hz
2022-04-04 10:58:11.274487: I tensorflow/compiler/xla/service/service.cc:168] XLA service 0x556bbc400dd0 executing computations on platform Host. Devices:
2022-04-04 10:58:11.275356: I tensorflow/compiler/xla/service/service.cc:175]   StreamExecutor device (0): <undefined>, <undefined>
2022-04-04 10:58:11.280591: I tensorflow/stream_executor/platform/default/dso_loader.cc:42] Successfully opened dynamic library libcuda.so.1
2022-04-04 10:58:14.643897: I tensorflow/core/common_runtime/gpu/gpu_device.cc:1640] Found device 0 with properties: 
name: GeForce RTX 2080 Ti major: 7 minor: 5 memoryClockRate(GHz): 1.65
pciBusID: 0000:01:00.0
2022-04-04 10:58:14.646042: I tensorflow/core/common_runtime/gpu/gpu_device.cc:1640] Found device 1 with properties: 
name: GeForce RTX 2080 Ti major: 7 minor: 5 memoryClockRate(GHz): 1.65
pciBusID: 0000:02:00.0
2022-04-04 10:58:14.647868: I tensorflow/core/common_runtime/gpu/gpu_device.cc:1640] Found device 2 with properties: 
name: GeForce RTX 2080 Ti major: 7 minor: 5 memoryClockRate(GHz): 1.545
pciBusID: 0000:83:00.0
2022-04-04 10:58:14.648600: I tensorflow/stream_executor/platform/default/dso_loader.cc:53] Could not dlopen library 'libcudart.so.10.0'; dlerror: libcudart.so.10.0: cannot open shared object file: No such file or directory; LD_LIBRARY_PATH: /home/lws/.local/lib/python3.7/site-packages/cv2/../../lib64:/usr/local/cuda-10.2/lib64:
2022-04-04 10:58:14.648975: I tensorflow/stream_executor/platform/default/dso_loader.cc:53] Could not dlopen library 'libcublas.so.10.0'; dlerror: libcublas.so.10.0: cannot open shared object file: No such file or directory; LD_LIBRARY_PATH: /home/lws/.local/lib/python3.7/site-packages/cv2/../../lib64:/usr/local/cuda-10.2/lib64:
2022-04-04 10:58:14.649437: I tensorflow/stream_executor/platform/default/dso_loader.cc:53] Could not dlopen library 'libcufft.so.10.0'; dlerror: libcufft.so.10.0: cannot open shared object file: No such file or directory; LD_LIBRARY_PATH: /home/lws/.local/lib/python3.7/site-packages/cv2/../../lib64:/usr/local/cuda-10.2/lib64:
2022-04-04 10:58:14.649813: I tensorflow/stream_executor/platform/default/dso_loader.cc:53] Could not dlopen library 'libcurand.so.10.0'; dlerror: libcurand.so.10.0: cannot open shared object file: No such file or directory; LD_LIBRARY_PATH: /home/lws/.local/lib/python3.7/site-packages/cv2/../../lib64:/usr/local/cuda-10.2/lib64:
2022-04-04 10:58:14.650151: I tensorflow/stream_executor/platform/default/dso_loader.cc:53] Could not dlopen library 'libcusolver.so.10.0'; dlerror: libcusolver.so.10.0: cannot open shared object file: No such file or directory; LD_LIBRARY_PATH: /home/lws/.local/lib/python3.7/site-packages/cv2/../../lib64:/usr/local/cuda-10.2/lib64:
2022-04-04 10:58:14.650472: I tensorflow/stream_executor/platform/default/dso_loader.cc:53] Could not dlopen library 'libcusparse.so.10.0'; dlerror: libcusparse.so.10.0: cannot open shared object file: No such file or directory; LD_LIBRARY_PATH: /home/lws/.local/lib/python3.7/site-packages/cv2/../../lib64:/usr/local/cuda-10.2/lib64:
2022-04-04 10:58:14.650801: I tensorflow/stream_executor/platform/default/dso_loader.cc:53] Could not dlopen library 'libcudnn.so.7'; dlerror: libcudnn.so.7: cannot open shared object file: No such file or directory; LD_LIBRARY_PATH: /home/lws/.local/lib/python3.7/site-packages/cv2/../../lib64:/usr/local/cuda-10.2/lib64:
2022-04-04 10:58:14.650837: W tensorflow/core/common_runtime/gpu/gpu_device.cc:1663] Cannot dlopen some GPU libraries. Skipping registering GPU devices...
2022-04-04 10:58:14.651243: I tensorflow/core/common_runtime/gpu/gpu_device.cc:1181] Device interconnect StreamExecutor with strength 1 edge matrix:
2022-04-04 10:58:14.651288: I tensorflow/core/common_runtime/gpu/gpu_device.cc:1187]      0 1 2 
2022-04-04 10:58:14.651325: I tensorflow/core/common_runtime/gpu/gpu_device.cc:1200] 0:   N N N 
2022-04-04 10:58:14.651350: I tensorflow/core/common_runtime/gpu/gpu_device.cc:1200] 1:   N N N 
2022-04-04 10:58:14.651361: I tensorflow/core/common_runtime/gpu/gpu_device.cc:1200] 2:   N N N 
2022-04-04 10:58:14.663529: I tensorflow/compiler/xla/service/service.cc:168] XLA service 0x556bc58bbdc0 executing computations on platform CUDA. Devices:
2022-04-04 10:58:14.663828: I tensorflow/compiler/xla/service/service.cc:175]   StreamExecutor device (0): GeForce RTX 2080 Ti, Compute Capability 7.5
2022-04-04 10:58:14.663858: I tensorflow/compiler/xla/service/service.cc:175]   StreamExecutor device (1): GeForce RTX 2080 Ti, Compute Capability 7.5
2022-04-04 10:58:14.663873: I tensorflow/compiler/xla/service/service.cc:175]   StreamExecutor device (2): GeForce RTX 2080 Ti, Compute Capability 7.5
WARNING:tensorflow:From /home/bo/anaconda3/envs/lwss/lib/python3.7/site-packages/neuralgym/train/trainer.py:89: The name tf.summary.FileWriter is deprecated. Please use tf.compat.v1.summary.FileWriter instead.

WARNING:tensorflow:Issue encountered when serializing queue_runners.
Type is unsupported, or the types of the items don't match field type in CollectionDef. Note this is a warning and probably safe to ignore.
'QueueRunner' object has no attribute '_queue_closed_exception_types'
WARNING:tensorflow:From /home/bo/anaconda3/envs/lwss/lib/python3.7/site-packages/neuralgym/train/trainer.py:91: The name tf.train.Saver is deprecated. Please use tf.compat.v1.train.Saver instead.

WARNING:tensorflow:From /home/bo/anaconda3/envs/lwss/lib/python3.7/site-packages/neuralgym/train/trainer.py:96: start_queue_runners (from tensorflow.python.training.queue_runner_impl) is deprecated and will be removed in a future version.
Instructions for updating:
To construct input pipelines, use the `tf.data` module.
2022-04-04 10:58:32.672392: W tensorflow/compiler/jit/mark_for_compilation_pass.cc:1412] (One-time warning): Not using XLA:CPU for cluster because envvar TF_XLA_FLAGS=--tf_xla_cpu_global_jit was not set.  If you want XLA:CPU, either set that envvar, or use experimental_jit_scope to enable XLA:CPU.  To confirm that XLA is active, pass --vmodule=xla_compilation_cache=1 (as a proper command-line flag, not via TF_XLA_FLAGS) or set the envvar XLA_FLAGS=--xla_hlo_profile.
---------------------------------- APP CONFIG ----------------------------------
num_gpus_per_job: 3
num_cpus_per_job: 4
num_hosts_per_job: 1
memory_per_job: 32
gpu_type: nvidia-tesla-p100
name: places2_gated_conv_v100
model_restore: loggg/'20220115220926508503_places2_model'
dataset: places2
random_crop: True
val: False
log_dir: loggggg/full_model_places2_256
gan: sngan
gan_loss_alpha: 1
gan_with_mask: True
discounted_mask: True
random_seed: False
padding: SAME
NUM_GPUS: 2
GPU_ID: [0, 1]
train_spe: 4
GRADS_SUMMARY: False
GRADIENT_CLIP: False
GRADIENT_CLIP_VALUE: 0.1
max_iters: 100000000
viz_max_out: 10
val_psteps: 10
data_flist: 
  celebahq: ['data/celeba_hq/train_shuffled.flist', 'data/celeba_hq/validation_static_view.flist']
  celeba: ['data/celeba/train_shuffled.flist', 'data/celeba/validation_static_view.flist']
  places2: ['data_flist/train_shuffled.flist', 'data_flist/validation_shuffled.flist']
  imagenet: ['data/imagenet/train_shuffled.flist', 'data/imagenet/validation_static_view.flist']
static_view_size: 30
img_shapes: [672, 1200, 3]
height: 352
width: 500
max_delta_height: 32
max_delta_width: 32
batch_size: 4
vertical_margin: 0
horizontal_margin: 0
ae_loss: True
l1_loss: True
l1_loss_alpha: 1.0
guided: False
edge_threshold: 0.6
--------------------------------------------------------------------------------
--------------------------------- Dataset Info ---------------------------------
file_length: 2570
random: False
random_crop: True
filetype: image
shapes: [[672, 1200, 3]]
dtypes: [tf.float32]
return_fnames: False
batch_phs: [<tf.Tensor 'Placeholder:0' shape=(?, 672, 1200, 3) dtype=float32>]
enqueue_size: 32
queue_size: 256
nthreads: 4
fn_preprocess: None
index: 0
--------------------------------------------------------------------------------
------------------------- Context Of Secondary Trainer -------------------------
num_gpus: 3
optimizer: <tensorflow.python.training.adam.AdamOptimizer object at 0x7f4da7a0a0d0>
var_list: [<tf.Variable 'discriminator/sn_patch_gan/conv1/kernel:0' shape=(5, 5, 4, 64) dtype=float32_ref>, <tf.Variable 'discriminator/sn_patch_gan/conv1/bias:0' shape=(64,) dtype=float32_ref>, <tf.Variable 'discriminator/sn_patch_gan/conv2/kernel:0' shape=(5, 5, 64, 128) dtype=float32_ref>, <tf.Variable 'discriminator/sn_patch_gan/conv2/bias:0' shape=(128,) dtype=float32_ref>, <tf.Variable 'discriminator/sn_patch_gan/conv3/kernel:0' shape=(5, 5, 128, 256) dtype=float32_ref>, <tf.Variable 'discriminator/sn_patch_gan/conv3/bias:0' shape=(256,) dtype=float32_ref>, <tf.Variable 'discriminator/sn_patch_gan/conv4/kernel:0' shape=(5, 5, 256, 256) dtype=float32_ref>, <tf.Variable 'discriminator/sn_patch_gan/conv4/bias:0' shape=(256,) dtype=float32_ref>, <tf.Variable 'discriminator/sn_patch_gan/conv5/kernel:0' shape=(5, 5, 256, 256) dtype=float32_ref>, <tf.Variable 'discriminator/sn_patch_gan/conv5/bias:0' shape=(256,) dtype=float32_ref>, <tf.Variable 'discriminator/sn_patch_gan/conv6/kernel:0' shape=(5, 5, 256, 256) dtype=float32_ref>, <tf.Variable 'discriminator/sn_patch_gan/conv6/bias:0' shape=(256,) dtype=float32_ref>]
graph_def: <function multigpu_graph_def at 0x7f4e0e54b290>
graph_def_kwargs: {'model': <inpaint_model.InpaintCAModel object at 0x7f4dad70f250>, 'FLAGS': {}, 'data': <neuralgym.data.data_from_fnames.DataFromFNames object at 0x7f4dad7bf350>, 'loss_type': 'd'}
async_train: False
feed_dict: {}
max_iters: 1
log_dir: /tmp/neuralgym
spe: 1
grads_summary: False
log_progress: False
--------------------------------------------------------------------------------
-------------------------- Context Of Primary Trainer --------------------------
num_gpus: 3
optimizer: <tensorflow.python.training.adam.AdamOptimizer object at 0x7f4da7a0a0d0>
var_list: [<tf.Variable 'inpaint_net/conv1/kernel:0' shape=(5, 5, 5, 48) dtype=float32_ref>, <tf.Variable 'inpaint_net/conv1/bias:0' shape=(48,) dtype=float32_ref>, <tf.Variable 'inpaint_net/conv2_downsample/kernel:0' shape=(3, 3, 24, 96) dtype=float32_ref>, <tf.Variable 'inpaint_net/conv2_downsample/bias:0' shape=(96,) dtype=float32_ref>, <tf.Variable 'inpaint_net/conv3/kernel:0' shape=(3, 3, 48, 96) dtype=float32_ref>, <tf.Variable 'inpaint_net/conv3/bias:0' shape=(96,) dtype=float32_ref>, <tf.Variable 'inpaint_net/conv4_downsample/kernel:0' shape=(3, 3, 48, 192) dtype=float32_ref>, <tf.Variable 'inpaint_net/conv4_downsample/bias:0' shape=(192,) dtype=float32_ref>, <tf.Variable 'inpaint_net/conv5/kernel:0' shape=(3, 3, 96, 192) dtype=float32_ref>, <tf.Variable 'inpaint_net/conv5/bias:0' shape=(192,) dtype=float32_ref>, <tf.Variable 'inpaint_net/conv6/kernel:0' shape=(3, 3, 96, 192) dtype=float32_ref>, <tf.Variable 'inpaint_net/conv6/bias:0' shape=(192,) dtype=float32_ref>, <tf.Variable 'inpaint_net/conv7_atrous/kernel:0' shape=(3, 3, 96, 192) dtype=float32_ref>, <tf.Variable 'inpaint_net/conv7_atrous/bias:0' shape=(192,) dtype=float32_ref>, <tf.Variable 'inpaint_net/conv8_atrous/kernel:0' shape=(3, 3, 96, 192) dtype=float32_ref>, <tf.Variable 'inpaint_net/conv8_atrous/bias:0' shape=(192,) dtype=float32_ref>, <tf.Variable 'inpaint_net/conv9_atrous/kernel:0' shape=(3, 3, 96, 192) dtype=float32_ref>, <tf.Variable 'inpaint_net/conv9_atrous/bias:0' shape=(192,) dtype=float32_ref>, <tf.Variable 'inpaint_net/conv10_atrous/kernel:0' shape=(3, 3, 96, 192) dtype=float32_ref>, <tf.Variable 'inpaint_net/conv10_atrous/bias:0' shape=(192,) dtype=float32_ref>, <tf.Variable 'inpaint_net/conv11/kernel:0' shape=(3, 3, 96, 192) dtype=float32_ref>, <tf.Variable 'inpaint_net/conv11/bias:0' shape=(192,) dtype=float32_ref>, <tf.Variable 'inpaint_net/conv12/kernel:0' shape=(3, 3, 96, 192) dtype=float32_ref>, <tf.Variable 'inpaint_net/conv12/bias:0' shape=(192,) dtype=float32_ref>, <tf.Variable 'inpaint_net/conv13_upsample/conv13_upsample_conv/kernel:0' shape=(3, 3, 96, 96) dtype=float32_ref>, <tf.Variable 'inpaint_net/conv13_upsample/conv13_upsample_conv/bias:0' shape=(96,) dtype=float32_ref>, <tf.Variable 'inpaint_net/conv14/kernel:0' shape=(3, 3, 48, 96) dtype=float32_ref>, <tf.Variable 'inpaint_net/conv14/bias:0' shape=(96,) dtype=float32_ref>, <tf.Variable 'inpaint_net/conv15_upsample/conv15_upsample_conv/kernel:0' shape=(3, 3, 48, 48) dtype=float32_ref>, <tf.Variable 'inpaint_net/conv15_upsample/conv15_upsample_conv/bias:0' shape=(48,) dtype=float32_ref>, <tf.Variable 'inpaint_net/conv16/kernel:0' shape=(3, 3, 24, 24) dtype=float32_ref>, <tf.Variable 'inpaint_net/conv16/bias:0' shape=(24,) dtype=float32_ref>, <tf.Variable 'inpaint_net/conv17/kernel:0' shape=(3, 3, 12, 3) dtype=float32_ref>, <tf.Variable 'inpaint_net/conv17/bias:0' shape=(3,) dtype=float32_ref>, <tf.Variable 'inpaint_net/xconv1/kernel:0' shape=(5, 5, 3, 48) dtype=float32_ref>, <tf.Variable 'inpaint_net/xconv1/bias:0' shape=(48,) dtype=float32_ref>, <tf.Variable 'inpaint_net/xconv2_downsample/kernel:0' shape=(3, 3, 24, 48) dtype=float32_ref>, <tf.Variable 'inpaint_net/xconv2_downsample/bias:0' shape=(48,) dtype=float32_ref>, <tf.Variable 'inpaint_net/xconv3/kernel:0' shape=(3, 3, 24, 96) dtype=float32_ref>, <tf.Variable 'inpaint_net/xconv3/bias:0' shape=(96,) dtype=float32_ref>, <tf.Variable 'inpaint_net/xconv4_downsample/kernel:0' shape=(3, 3, 48, 96) dtype=float32_ref>, <tf.Variable 'inpaint_net/xconv4_downsample/bias:0' shape=(96,) dtype=float32_ref>, <tf.Variable 'inpaint_net/xconv5/kernel:0' shape=(3, 3, 48, 192) dtype=float32_ref>, <tf.Variable 'inpaint_net/xconv5/bias:0' shape=(192,) dtype=float32_ref>, <tf.Variable 'inpaint_net/xconv6/kernel:0' shape=(3, 3, 96, 192) dtype=float32_ref>, <tf.Variable 'inpaint_net/xconv6/bias:0' shape=(192,) dtype=float32_ref>, <tf.Variable 'inpaint_net/xconv7_atrous/kernel:0' shape=(3, 3, 96, 192) dtype=float32_ref>, <tf.Variable 'inpaint_net/xconv7_atrous/bias:0' shape=(192,) dtype=float32_ref>, <tf.Variable 'inpaint_net/xconv8_atrous/kernel:0' shape=(3, 3, 96, 192) dtype=float32_ref>, <tf.Variable 'inpaint_net/xconv8_atrous/bias:0' shape=(192,) dtype=float32_ref>, <tf.Variable 'inpaint_net/xconv9_atrous/kernel:0' shape=(3, 3, 96, 192) dtype=float32_ref>, <tf.Variable 'inpaint_net/xconv9_atrous/bias:0' shape=(192,) dtype=float32_ref>, <tf.Variable 'inpaint_net/xconv10_atrous/kernel:0' shape=(3, 3, 96, 192) dtype=float32_ref>, <tf.Variable 'inpaint_net/xconv10_atrous/bias:0' shape=(192,) dtype=float32_ref>, <tf.Variable 'inpaint_net/pmconv1/kernel:0' shape=(5, 5, 3, 48) dtype=float32_ref>, <tf.Variable 'inpaint_net/pmconv1/bias:0' shape=(48,) dtype=float32_ref>, <tf.Variable 'inpaint_net/pmconv2_downsample/kernel:0' shape=(3, 3, 24, 48) dtype=float32_ref>, <tf.Variable 'inpaint_net/pmconv2_downsample/bias:0' shape=(48,) dtype=float32_ref>, <tf.Variable 'inpaint_net/pmconv3/kernel:0' shape=(3, 3, 24, 96) dtype=float32_ref>, <tf.Variable 'inpaint_net/pmconv3/bias:0' shape=(96,) dtype=float32_ref>, <tf.Variable 'inpaint_net/pmconv4_downsample/kernel:0' shape=(3, 3, 48, 192) dtype=float32_ref>, <tf.Variable 'inpaint_net/pmconv4_downsample/bias:0' shape=(192,) dtype=float32_ref>, <tf.Variable 'inpaint_net/pmconv5/kernel:0' shape=(3, 3, 96, 192) dtype=float32_ref>, <tf.Variable 'inpaint_net/pmconv5/bias:0' shape=(192,) dtype=float32_ref>, <tf.Variable 'inpaint_net/pmconv6/kernel:0' shape=(3, 3, 96, 192) dtype=float32_ref>, <tf.Variable 'inpaint_net/pmconv6/bias:0' shape=(192,) dtype=float32_ref>, <tf.Variable 'inpaint_net/pmconv9/kernel:0' shape=(3, 3, 96, 192) dtype=float32_ref>, <tf.Variable 'inpaint_net/pmconv9/bias:0' shape=(192,) dtype=float32_ref>, <tf.Variable 'inpaint_net/pmconv10/kernel:0' shape=(3, 3, 96, 192) dtype=float32_ref>, <tf.Variable 'inpaint_net/pmconv10/bias:0' shape=(192,) dtype=float32_ref>, <tf.Variable 'inpaint_net/allconv11/kernel:0' shape=(3, 3, 192, 192) dtype=float32_ref>, <tf.Variable 'inpaint_net/allconv11/bias:0' shape=(192,) dtype=float32_ref>, <tf.Variable 'inpaint_net/allconv12/kernel:0' shape=(3, 3, 96, 192) dtype=float32_ref>, <tf.Variable 'inpaint_net/allconv12/bias:0' shape=(192,) dtype=float32_ref>, <tf.Variable 'inpaint_net/allconv13_upsample/allconv13_upsample_conv/kernel:0' shape=(3, 3, 96, 96) dtype=float32_ref>, <tf.Variable 'inpaint_net/allconv13_upsample/allconv13_upsample_conv/bias:0' shape=(96,) dtype=float32_ref>, <tf.Variable 'inpaint_net/allconv14/kernel:0' shape=(3, 3, 48, 96) dtype=float32_ref>, <tf.Variable 'inpaint_net/allconv14/bias:0' shape=(96,) dtype=float32_ref>, <tf.Variable 'inpaint_net/allconv15_upsample/allconv15_upsample_conv/kernel:0' shape=(3, 3, 48, 48) dtype=float32_ref>, <tf.Variable 'inpaint_net/allconv15_upsample/allconv15_upsample_conv/bias:0' shape=(48,) dtype=float32_ref>, <tf.Variable 'inpaint_net/allconv16/kernel:0' shape=(3, 3, 24, 24) dtype=float32_ref>, <tf.Variable 'inpaint_net/allconv16/bias:0' shape=(24,) dtype=float32_ref>, <tf.Variable 'inpaint_net/allconv17/kernel:0' shape=(3, 3, 12, 3) dtype=float32_ref>, <tf.Variable 'inpaint_net/allconv17/bias:0' shape=(3,) dtype=float32_ref>]WARNING:tensorflow:From train2.py:99: The name tf.summary.merge_all is deprecated. Please use tf.compat.v1.summary.merge_all instead.

WARNING:tensorflow:From /home/bo/anaconda3/envs/lwss/lib/python3.7/site-packages/neuralgym/callbacks/weights_viewer.py:44: The name tf.summary.histogram is deprecated. Please use tf.compat.v1.summary.histogram instead.


graph_def: <function multigpu_graph_def at 0x7f4e0e54b290>
gradient_processor: None
graph_def_kwargs: {'model': <inpaint_model.InpaintCAModel object at 0x7f4dad70f250>, 'FLAGS': {}, 'data': <neuralgym.data.data_from_fnames.DataFromFNames object at 0x7f4dad7bf350>, 'loss_type': 'g'}
async_train: False
feed_dict: {}
max_iters: 100000000
log_dir: loggggg/full_model_places2_256
spe: 4
grads_summary: False
log_progress: True
global_step: <tf.Variable 'global_step:0' shape=() dtype=int32_ref>
global_step_add_one: Tensor("add_one_to_global_step:0", shape=(), dtype=int32_ref)
sess_config: gpu_options {
  allow_growth: true
}
allow_soft_placement: true

sess: <tensorflow.python.client.session.Session object at 0x7f4d9eecae50>
summary_writer: <tensorflow.python.summary.writer.writer.FileWriter object at 0x7f4d9eecaf50>
saver: <tensorflow.python.training.saver.Saver object at 0x7f4d9b5ef4d0>
start_queue_runners: True
global_variables_initializer: True
--------------------------------------------------------------------------------
[32;1mTrigger callback: [0mTrigger WeightsViewer: logging model weights...
- weight name: inpaint_net/conv1/kernel:0, shape: [5, 5, 5, 48], size: 6000
- weight name: inpaint_net/conv1/bias:0, shape: [48], size: 48
- weight name: inpaint_net/conv2_downsample/kernel:0, shape: [3, 3, 24, 96], size: 20736
- weight name: inpaint_net/conv2_downsample/bias:0, shape: [96], size: 96
- weight name: inpaint_net/conv3/kernel:0, shape: [3, 3, 48, 96], size: 41472
- weight name: inpaint_net/conv3/bias:0, shape: [96], size: 96
- weight name: inpaint_net/conv4_downsample/kernel:0, shape: [3, 3, 48, 192], size: 82944
- weight name: inpaint_net/conv4_downsample/bias:0, shape: [192], size: 192
- weight name: inpaint_net/conv5/kernel:0, shape: [3, 3, 96, 192], size: 165888
- weight name: inpaint_net/conv5/bias:0, shape: [192], size: 192
- weight name: inpaint_net/conv6/kernel:0, shape: [3, 3, 96, 192], size: 165888
- weight name: inpaint_net/conv6/bias:0, shape: [192], size: 192
- weight name: inpaint_net/conv7_atrous/kernel:0, shape: [3, 3, 96, 192], size: 165888
- weight name: inpaint_net/conv7_atrous/bias:0, shape: [192], size: 192
- weight name: inpaint_net/conv8_atrous/kernel:0, shape: [3, 3, 96, 192], size: 165888
- weight name: inpaint_net/conv8_atrous/bias:0, shape: [192], size: 192
- weight name: inpaint_net/conv9_atrous/kernel:0, shape: [3, 3, 96, 192], size: 165888
- weight name: inpaint_net/conv9_atrous/bias:0, shape: [192], size: 192
- weight name: inpaint_net/conv10_atrous/kernel:0, shape: [3, 3, 96, 192], size: 165888
- weight name: inpaint_net/conv10_atrous/bias:0, shape: [192], size: 192
- weight name: inpaint_net/conv11/kernel:0, shape: [3, 3, 96, 192], size: 165888
- weight name: inpaint_net/conv11/bias:0, shape: [192], size: 192
- weight name: inpaint_net/conv12/kernel:0, shape: [3, 3, 96, 192], size: 165888
- weight name: inpaint_net/conv12/bias:0, shape: [192], size: 192
- weight name: inpaint_net/conv13_upsample/conv13_upsample_conv/kernel:0, shape: [3, 3, 96, 96], size: 82944
- weight name: inpaint_net/conv13_upsample/conv13_upsample_conv/bias:0, shape: [96], size: 96
- weight name: inpaint_net/conv14/kernel:0, shape: [3, 3, 48, 96], size: 41472
- weight name: inpaint_net/conv14/bias:0, shape: [96], size: 96
- weight name: inpaint_net/conv15_upsample/conv15_upsample_conv/kernel:0, shape: [3, 3, 48, 48], size: 20736
- weight name: inpaint_net/conv15_upsample/conv15_upsample_conv/bias:0, shape: [48], size: 48
- weight name: inpaint_net/conv16/kernel:0, shape: [3, 3, 24, 24], size: 5184
- weight name: inpaint_net/conv16/bias:0, shape: [24], size: 24
- weight name: inpaint_net/conv17/kernel:0, shape: [3, 3, 12, 3], size: 324
- weight name: inpaint_net/conv17/bias:0, shape: [3], size: 3
- weight name: inpaint_net/xconv1/kernel:0, shape: [5, 5, 3, 48], size: 3600
- weight name: inpaint_net/xconv1/bias:0, shape: [48], size: 48
- weight name: inpaint_net/xconv2_downsample/kernel:0, shape: [3, 3, 24, 48], size: 10368
- weight name: inpaint_net/xconv2_downsample/bias:0, shape: [48], size: 48
- weight name: inpaint_net/xconv3/kernel:0, shape: [3, 3, 24, 96], size: 20736
- weight name: inpaint_net/xconv3/bias:0, shape: [96], size: 96
- weight name: inpaint_net/xconv4_downsample/kernel:0, shape: [3, 3, 48, 96], size: 41472
- weight name: inpaint_net/xconv4_downsample/bias:0, shape: [96], size: 96
- weight name: inpaint_net/xconv5/kernel:0, shape: [3, 3, 48, 192], size: 82944
- weight name: inpaint_net/xconv5/bias:0, shape: [192], size: 192
- weight name: inpaint_net/xconv6/kernel:0, shape: [3, 3, 96, 192], size: 165888
- weight name: inpaint_net/xconv6/bias:0, shape: [192], size: 192
- weight name: inpaint_net/xconv7_atrous/kernel:0, shape: [3, 3, 96, 192], size: 165888
- weight name: inpaint_net/xconv7_atrous/bias:0, shape: [192], size: 192
- weight name: inpaint_net/xconv8_atrous/kernel:0, shape: [3, 3, 96, 192], size: 165888
- weight name: inpaint_net/xconv8_atrous/bias:0, shape: [192], size: 192
- weight name: inpaint_net/xconv9_atrous/kernel:0, shape: [3, 3, 96, 192], size: 165888
- weight name: inpaint_net/xconv9_atrous/bias:0, shape: [192], size: 192
- weight name: inpaint_net/xconv10_atrous/kernel:0, shape: [3, 3, 96, 192], size: 165888
- weight name: inpaint_net/xconv10_atrous/bias:0, shape: [192], size: 192
- weight name: inpaint_net/pmconv1/kernel:0, shape: [5, 5, 3, 48], size: 3600
- weight name: inpaint_net/pmconv1/bias:0, shape: [48], size: 48
- weight name: inpaint_net/pmconv2_downsample/kernel:0, shape: [3, 3, 24, 48], size: 10368
- weight name: inpaint_net/pmconv2_downsample/bias:0, shape: [48], size: 48
- weight name: inpaint_net/pmconv3/kernel:0, shape: [3, 3, 24, 96], size: 20736
- weight name: inpaint_net/pmconv3/bias:0, shape: [96], size: 96
- weight name: inpaint_net/pmconv4_downsample/kernel:0, shape: [3, 3, 48, 192], size: 82944
- weight name: inpaint_net/pmconv4_downsample/bias:0, shape: [192], size: 192
- weight name: inpaint_net/pmconv5/kernel:0, shape: [3, 3, 96, 192], size: 165888
- weight name: inpaint_net/pmconv5/bias:0, shape: [192], size: 192
- weight name: inpaint_net/pmconv6/kernel:0, shape: [3, 3, 96, 192], size: 165888
- weight name: inpaint_net/pmconv6/bias:0, shape: [192], size: 192
- weight name: inpaint_net/pmconv9/kernel:0, shape: [3, 3, 96, 192], size: 165888
- weight name: inpaint_net/pmconv9/bias:0, shape: [192], size: 192
- weight name: inpaint_net/pmconv10/kernel:0, shape: [3, 3, 96, 192], size: 165888
- weight name: inpaint_net/pmconv10/bias:0, shape: [192], size: 192
- weight name: inpaint_net/allconv11/kernel:0, shape: [3, 3, 192, 192], size: 331776
- weight name: inpaint_net/allconv11/bias:0, shape: [192], size: 192
- weight name: inpaint_net/allconv12/kernel:0, shape: [3, 3, 96, 192], size: 165888
- weight name: inpaint_net/allconv12/bias:0, shape: [192], size: 192
- weight name: inpaint_net/allconv13_upsample/allconv13_upsample_conv/kernel:0, shape: [3, 3, 96, 96], size: 82944
- weight name: inpaint_net/allconv13_upsample/allconv13_upsample_conv/bias:0, shape: [96], size: 96
- weight name: inpaint_net/allconv14/kernel:0, shape: [3, 3, 48, 96], size: 41472
- weight name: inpaint_net/allconv14/bias:0, shape: [96], size: 96
- weight name: inpaint_net/allconv15_upsample/allconv15_upsample_conv/kernel:0, shape: [3, 3, 48, 48], size: 20736
- weight name: inpaint_net/allconv15_upsample/allconv15_upsample_conv/bias:0, shape: [48], size: 48
- weight name: inpaint_net/allconv16/kernel:0, shape: [3, 3, 24, 24], size: 5184
- weight name: inpaint_net/allconv16/bias:0, shape: [24], size: 24
- weight name: inpaint_net/allconv17/kernel:0, shape: [3, 3, 12, 3], size: 324
- weight name: inpaint_net/allconv17/bias:0, shape: [3], size: 3
- weight name: discriminator/sn_patch_gan/conv1/kernel:0, shape: [5, 5, 4, 64], size: 6400
- weight name: discriminator/sn_patch_gan/conv1/bias:0, shape: [64], size: 64
- weight name: discriminator/sn_patch_gan/conv2/kernel:0, shape: [5, 5, 64, 128], size: 204800
- weight name: discriminator/sn_patch_gan/conv2/bias:0, shape: [128], size: 128
- weight name: discriminator/sn_patch_gan/conv3/kernel:0, shape: [5, 5, 128, 256], size: 819200
- weight name: discriminator/sn_patch_gan/conv3/bias:0, shape: [256], size: 256WARNING:tensorflow:Issue encountered when serializing queue_runners.
Type is unsupported, or the types of the items don't match field type in CollectionDef. Note this is a warning and probably safe to ignore.
'QueueRunner' object has no attribute '_queue_closed_exception_types'
WARNING:tensorflow:Issue encountered when serializing queue_runners.
Type is unsupported, or the types of the items don't match field type in CollectionDef. Note this is a warning and probably safe to ignore.
'QueueRunner' object has no attribute '_queue_closed_exception_types'
/home/bo/anaconda3/envs/lwss/lib/python3.7/site-packages/tensorflow/python/framework/dtypes.py:516: FutureWarning: Passing (type, 1) or '1type' as a synonym of type is deprecated; in a future version of numpy, it will be understood as (type, (1,)) / '(1,)type'.
  _np_qint8 = np.dtype([("qint8", np.int8, 1)])
/home/bo/anaconda3/envs/lwss/lib/python3.7/site-packages/tensorflow/python/framework/dtypes.py:517: FutureWarning: Passing (type, 1) or '1type' as a synonym of type is deprecated; in a future version of numpy, it will be understood as (type, (1,)) / '(1,)type'.
  _np_quint8 = np.dtype([("quint8", np.uint8, 1)])
/home/bo/anaconda3/envs/lwss/lib/python3.7/site-packages/tensorflow/python/framework/dtypes.py:518: FutureWarning: Passing (type, 1) or '1type' as a synonym of type is deprecated; in a future version of numpy, it will be understood as (type, (1,)) / '(1,)type'.
  _np_qint16 = np.dtype([("qint16", np.int16, 1)])
/home/bo/anaconda3/envs/lwss/lib/python3.7/site-packages/tensorflow/python/framework/dtypes.py:519: FutureWarning: Passing (type, 1) or '1type' as a synonym of type is deprecated; in a future version of numpy, it will be understood as (type, (1,)) / '(1,)type'.
  _np_quint16 = np.dtype([("quint16", np.uint16, 1)])
/home/bo/anaconda3/envs/lwss/lib/python3.7/site-packages/tensorflow/python/framework/dtypes.py:520: FutureWarning: Passing (type, 1) or '1type' as a synonym of type is deprecated; in a future version of numpy, it will be understood as (type, (1,)) / '(1,)type'.
  _np_qint32 = np.dtype([("qint32", np.int32, 1)])
/home/bo/anaconda3/envs/lwss/lib/python3.7/site-packages/tensorflow/python/framework/dtypes.py:525: FutureWarning: Passing (type, 1) or '1type' as a synonym of type is deprecated; in a future version of numpy, it will be understood as (type, (1,)) / '(1,)type'.
  np_resource = np.dtype([("resource", np.ubyte, 1)])
/home/bo/anaconda3/envs/lwss/lib/python3.7/site-packages/tensorboard/compat/tensorflow_stub/dtypes.py:541: FutureWarning: Passing (type, 1) or '1type' as a synonym of type is deprecated; in a future version of numpy, it will be understood as (type, (1,)) / '(1,)type'.
  _np_qint8 = np.dtype([("qint8", np.int8, 1)])
/home/bo/anaconda3/envs/lwss/lib/python3.7/site-packages/tensorboard/compat/tensorflow_stub/dtypes.py:542: FutureWarning: Passing (type, 1) or '1type' as a synonym of type is deprecated; in a future version of numpy, it will be understood as (type, (1,)) / '(1,)type'.
  _np_quint8 = np.dtype([("quint8", np.uint8, 1)])
/home/bo/anaconda3/envs/lwss/lib/python3.7/site-packages/tensorboard/compat/tensorflow_stub/dtypes.py:543: FutureWarning: Passing (type, 1) or '1type' as a synonym of type is deprecated; in a future version of numpy, it will be understood as (type, (1,)) / '(1,)type'.
  _np_qint16 = np.dtype([("qint16", np.int16, 1)])
/home/bo/anaconda3/envs/lwss/lib/python3.7/site-packages/tensorboard/compat/tensorflow_stub/dtypes.py:544: FutureWarning: Passing (type, 1) or '1type' as a synonym of type is deprecated; in a future version of numpy, it will be understood as (type, (1,)) / '(1,)type'.
  _np_quint16 = np.dtype([("quint16", np.uint16, 1)])
/home/bo/anaconda3/envs/lwss/lib/python3.7/site-packages/tensorboard/compat/tensorflow_stub/dtypes.py:545: FutureWarning: Passing (type, 1) or '1type' as a synonym of type is deprecated; in a future version of numpy, it will be understood as (type, (1,)) / '(1,)type'.
  _np_qint32 = np.dtype([("qint32", np.int32, 1)])
/home/bo/anaconda3/envs/lwss/lib/python3.7/site-packages/tensorboard/compat/tensorflow_stub/dtypes.py:550: FutureWarning: Passing (type, 1) or '1type' as a synonym of type is deprecated; in a future version of numpy, it will be understood as (type, (1,)) / '(1,)type'.
  np_resource = np.dtype([("resource", np.ubyte, 1)])
WARNING:tensorflow:
The TensorFlow contrib module will not be included in TensorFlow 2.0.
For more information, please see:
  * https://github.com/tensorflow/community/blob/master/rfcs/20180907-contrib-sunset.md
  * https://github.com/tensorflow/addons
  * https://github.com/tensorflow/io (for I/O related ops)
If you depend on functionality not listed there, please file an issue.

WARNING:tensorflow:From /home/bo/anaconda3/envs/lwss/lib/python3.7/site-packages/neuralgym/ops/layers.py:142: The name tf.image.resize_bilinear is deprecated. Please use tf.compat.v1.image.resize_bilinear instead.

WARNING:tensorflow:From /home/bo/anaconda3/envs/lwss/lib/python3.7/site-packages/neuralgym/callbacks/npz_model_loader.py:31: The name tf.get_variable_scope is deprecated. Please use tf.compat.v1.get_variable_scope instead.

WARNING:tensorflow:From /home/bo/anaconda3/envs/lwss/lib/python3.7/site-packages/neuralgym/ops/gan_ops.py:138: The name tf.layers.Conv2D is deprecated. Please use tf.compat.v1.layers.Conv2D instead.

WARNING:tensorflow:From /home/bo/anaconda3/envs/lwss/lib/python3.7/site-packages/neuralgym/data/data_from_fnames.py:85: The name tf.placeholder is deprecated. Please use tf.compat.v1.placeholder instead.

WARNING:tensorflow:From /home/lws/inpaint_ops.py:117: The name tf.random_uniform is deprecated. Please use tf.random.uniform instead.

WARNING:tensorflow:From /home/lws/inpaint_ops.py:143: The name tf.variable_scope is deprecated. Please use tf.compat.v1.variable_scope instead.

WARNING:tensorflow:From /home/lws/inpaint_ops.py:151: py_func (from tensorflow.python.ops.script_ops) is deprecated and will be removed in a future version.
Instructions for updating:
tf.py_func is deprecated in TF V2. Instead, there are two
    options available in V2.
    - tf.py_function takes a python function which manipulates tf eager
    tensors instead of numpy arrays. It's easy to convert a tf eager tensor to
    an ndarray (just call tensor.numpy()) but having access to eager tensors
    means `tf.py_function`s can use accelerators such as GPUs as well as
    being differentiable using a gradient tape.
    - tf.numpy_function maintains the semantics of the deprecated tf.py_func
    (it is not differentiable, and manipulates numpy arrays). It drops the
    stateful argument making all functions stateful.
    
WARNING:tensorflow:From /home/lws/inpaint_ops.py:48: conv2d (from tensorflow.python.layers.convolutional) is deprecated and will be removed in a future version.
Instructions for updating:
Use `tf.keras.layers.Conv2D` instead.
WARNING:tensorflow:From /home/bo/anaconda3/envs/lwss/lib/python3.7/site-packages/tensorflow/python/ops/init_ops.py:1251: calling VarianceScaling.__init__ (from tensorflow.python.ops.init_ops) with dtype is deprecated and will be removed in a future version.
Instructions for updating:
Call initializer instance with the dtype argument instead of passing it to the constructor
WARNING:tensorflow:From /home/lws/inpaint_ops.py:252: The name tf.image.resize_nearest_neighbor is deprecated. Please use tf.compat.v1.image.resize_nearest_neighbor instead.

WARNING:tensorflow:From /home/lws/inpaint_ops.py:284: calling extract_image_patches (from tensorflow.python.ops.array_ops) with ksizes is deprecated and will be removed in a future version.
Instructions for updating:
ksizes is deprecated, use sizes instead
WARNING:tensorflow:From /home/bo/anaconda3/envs/lwss/lib/python3.7/site-packages/neuralgym/ops/gan_ops.py:118: The name tf.get_variable is deprecated. Please use tf.compat.v1.get_variable instead.

WARNING:tensorflow:From /home/bo/anaconda3/envs/lwss/lib/python3.7/site-packages/tensorflow/contrib/layers/python/layers/layers.py:1634: flatten (from tensorflow.python.layers.core) is deprecated and will be removed in a future version.
Instructions for updating:
Use keras.layers.flatten instead.
WARNING:tensorflow:From /home/bo/anaconda3/envs/lwss/lib/python3.7/site-packages/neuralgym/ops/summary_ops.py:72: The name tf.summary.scalar is deprecated. Please use tf.compat.v1.summary.scalar instead.

WARNING:tensorflow:From train2.py:62: The name tf.train.AdamOptimizer is deprecated. Please use tf.compat.v1.train.AdamOptimizer instead.

WARNING:tensorflow:From /home/bo/anaconda3/envs/lwss/lib/python3.7/site-packages/tensorflow/python/ops/math_grad.py:1250: add_dispatch_support.<locals>.wrapper (from tensorflow.python.ops.array_ops) is deprecated and will be removed in a future version.
Instructions for updating:
Use tf.where in 2.0, which has the same broadcast rule as np.where
---------------------------------- APP CONFIG ----------------------------------
num_gpus_per_job: 2
num_cpus_per_job: 4
num_hosts_per_job: 1
memory_per_job: 32
gpu_type: nvidia-tesla-p100
name: places2_gated_conv_v100
model_restore: logggggggss/'20220115220926508503_places2_model'
dataset: places2
random_crop: True
val: False
log_dir: logggggggss/full_model_places2_256
gan: sngan
gan_loss_alpha: 1
gan_with_mask: True
discounted_mask: True
random_seed: False
padding: SAME
NUM_GPUS: 2
GPU_ID: [0, 1]
train_spe: 4
GRADS_SUMMARY: False
GRADIENT_CLIP: False
GRADIENT_CLIP_VALUE: 0.1
max_iters: 100000000
viz_max_out: 10
val_psteps: 10
data_flist: 
  celebahq: ['data/celeba_hq/train_shuffled.flist', 'data/celeba_hq/validation_static_view.flist']
  celeba: ['data/celeba/train_shuffled.flist', 'data/celeba/validation_static_view.flist']
  places2: ['data_flist/train_shuffled.flist', 'data_flist/validation_shuffled.flist']
  imagenet: ['data/imagenet/train_shuffled.flist', 'data/imagenet/validation_static_view.flist']
static_view_size: 30
img_shapes: [672, 1200, 3]
height: 352
width: 500
max_delta_height: 32
max_delta_width: 32
batch_size: 4
vertical_margin: 0
horizontal_margin: 0
ae_loss: True
l1_loss: True
l1_loss_alpha: 1.0
guided: False
edge_threshold: 0.6
--------------------------------------------------------------------------------
--------------------------------- Dataset Info ---------------------------------
file_length: 2570
random: False
random_crop: True
filetype: image
shapes: [[672, 1200, 3]]
dtypes: [tf.float32]
return_fnames: False
batch_phs: [<tf.Tensor 'Placeholder:0' shape=(?, 672, 1200, 3) dtype=float32>]
enqueue_size: 32
queue_size: 256
nthreads: 4
fn_preprocess: None
index: 0
--------------------------------------------------------------------------------
------------------------- Context Of Secondary Trainer -------------------------
num_gpus: 2
optimizer: <tensorflow.python.training.adam.AdamOptimizer object at 0x7fabfb53ee90>
var_list: [<tf.Variable 'inpaint_net/conv1/kernel:0' shape=(5, 5, 5, 48) dtype=float32_ref>, <tf.Variable 'inpaint_net/conv1/bias:0' shape=(48,) dtype=float32_ref>, <tf.Variable 'inpaint_net/conv2_downsample/kernel:0' shape=(3, 3, 24, 96) dtype=float32_ref>, <tf.Variable 'inpaint_net/conv2_downsample/bias:0' shape=(96,) dtype=float32_ref>, <tf.Variable 'inpaint_net/conv3/kernel:0' shape=(3, 3, 48, 96) dtype=float32_ref>, <tf.Variable 'inpaint_net/conv3/bias:0' shape=(96,) dtype=float32_ref>, <tf.Variable 'inpaint_net/conv4_downsample/kernel:0' shape=(3, 3, 48, 192) dtype=float32_ref>, <tf.Variable 'inpaint_net/conv4_downsample/bias:0' shape=(192,) dtype=float32_ref>, <tf.Variable 'inpaint_net/conv5/kernel:0' shape=(3, 3, 96, 192) dtype=float32_ref>, <tf.Variable 'inpaint_net/conv5/bias:0' shape=(192,) dtype=float32_ref>, <tf.Variable 'inpaint_net/conv6/kernel:0' shape=(3, 3, 96, 192) dtype=float32_ref>, <tf.Variable 'inpaint_net/conv6/bias:0' shape=(192,) dtype=float32_ref>, <tf.Variable 'inpaint_net/conv7_atrous/kernel:0' shape=(3, 3, 96, 192) dtype=float32_ref>, <tf.Variable 'inpaint_net/conv7_atrous/bias:0' shape=(192,) dtype=float32_ref>, <tf.Variable 'inpaint_net/conv8_atrous/kernel:0' shape=(3, 3, 96, 192) dtype=float32_ref>, <tf.Variable 'inpaint_net/conv8_atrous/bias:0' shape=(192,) dtype=float32_ref>, <tf.Variable 'inpaint_net/conv9_atrous/kernel:0' shape=(3, 3, 96, 192) dtype=float32_ref>, <tf.Variable 'inpaint_net/conv9_atrous/bias:0' shape=(192,) dtype=float32_ref>, <tf.Variable 'inpaint_net/conv10_atrous/kernel:0' shape=(3, 3, 96, 192) dtype=float32_ref>, <tf.Variable 'inpaint_net/conv10_atrous/bias:0' shape=(192,) dtype=float32_ref>, <tf.Variable 'inpaint_net/conv11/kernel:0' shape=(3, 3, 96, 192) dtype=float32_ref>, <tf.Variable 'inpaint_net/conv11/bias:0' shape=(192,) dtype=float32_ref>, <tf.Variable 'inpaint_net/conv12/kernel:0' shape=(3, 3, 96, 192) dtype=float32_ref>, <tf.Variable 'inpaint_net/conv12/bias:0' shape=(192,) dtype=float32_ref>, <tf.Variable 'inpaint_net/conv13_upsample/conv13_upsample_conv/kernel:0' shape=(3, 3, 96, 96) dtype=float32_ref>, <tf.Variable 'inpaint_net/conv13_upsample/conv13_upsample_conv/bias:0' shape=(96,) dtype=float32_ref>, <tf.Variable 'inpaint_net/conv14/kernel:0' shape=(3, 3, 48, 96) dtype=float32_ref>, <tf.Variable 'inpaint_net/conv14/bias:0' shape=(96,) dtype=float32_ref>, <tf.Variable 'inpaint_net/conv15_upsample/conv15_upsample_conv/kernel:0' shape=(3, 3, 48, 48) dtype=float32_ref>, <tf.Variable 'inpaint_net/conv15_upsample/conv15_upsample_conv/bias:0' shape=(48,) dtype=float32_ref>, <tf.Variable 'inpaint_net/conv16/kernel:0' shape=(3, 3, 24, 24) dtype=float32_ref>, <tf.Variable 'inpaint_net/conv16/bias:0' shape=(24,) dtype=float32_ref>, <tf.Variable 'inpaint_net/conv17/kernel:0' shape=(3, 3, 12, 3) dtype=float32_ref>, <tf.Variable 'inpaint_net/conv17/bias:0' shape=(3,) dtype=float32_ref>, <tf.Variable 'inpaint_net/xconv1/kernel:0' shape=(5, 5, 3, 48) dtype=float32_ref>, <tf.Variable 'inpaint_net/xconv1/bias:0' shape=(48,) dtype=float32_ref>, <tf.Variable 'inpaint_net/xconv2_downsample/kernel:0' shape=(3, 3, 24, 48) dtype=float32_ref>, <tf.Variable 'inpaint_net/xconv2_downsample/bias:0' shape=(48,) dtype=float32_ref>, <tf.Variable 'inpaint_net/xconv3/kernel:0' shape=(3, 3, 24, 96) dtype=float32_ref>, <tf.Variable 'inpaint_net/xconv3/bias:0' shape=(96,) dtype=float32_ref>, <tf.Variable 'inpaint_net/xconv4_downsample/kernel:0' shape=(3, 3, 48, 96) dtype=float32_ref>, <tf.Variable 'inpaint_net/xconv4_downsample/bias:0' shape=(96,) dtype=float32_ref>, <tf.Variable 'inpaint_net/xconv5/kernel:0' shape=(3, 3, 48, 192) dtype=float32_ref>, <tf.Variable 'inpaint_net/xconv5/bias:0' shape=(192,) dtype=float32_ref>, <tf.Variable 'inpaint_net/xconv6/kernel:0' shape=(3, 3, 96, 192) dtype=float32_ref>, <tf.Variable 'inpaint_net/xconv6/bias:0' shape=(192,) dtype=float32_ref>, <tf.Variable 'inpaint_net/xconv7_atrous/kernel:0' shape=(3, 3, 96, 192) dtype=float32_ref>, <tf.Variable 'inpaint_net/xconv7_atrous/bias:0' shape=(192,) dtype=float32_ref>, <tf.Variable 'inpaint_net/xconv8_atrous/kernel:0' shape=(3, 3, 96, 192) dtype=float32_ref>, <tf.Variable 'inpaint_net/xconv8_atrous/bias:0' shape=(192,) dtype=float32_ref>, <tf.Variable 'inpaint_net/xconv9_atrous/kernel:0' shape=(3, 3, 96, 192) dtype=float32_ref>, <tf.Variable 'inpaint_net/xconv9_atrous/bias:0' shape=(192,) dtype=float32_ref>, <tf.Variable 'inpaint_net/xconv10_atrous/kernel:0' shape=(3, 3, 96, 192) dtype=float32_ref>, <tf.Variable 'inpaint_net/xconv10_atrous/bias:0' shape=(192,) dtype=float32_ref>, <tf.Variable 'inpaint_net/pmconv1/kernel:0' shape=(5, 5, 3, 48) dtype=float32_ref>, <tf.Variable 'inpaint_net/pmconv1/bias:0' shape=(48,) dtype=float32_ref>, <tf.Variable 'inpaint_net/pmconv2_downsample/kernel:0' shape=(3, 3, 24, 48) dtype=float32_ref>, <tf.Variable 'inpaint_net/pmconv2_downsample/bias:0' shape=(48,) dtype=float32_ref>, <tf.Variable 'inpaint_net/pmconv3/kernel:0' shape=(3, 3, 24, 96) dtype=float32_ref>, <tf.Variable 'inpaint_net/pmconv3/bias:0' shape=(96,) dtype=float32_ref>, <tf.Variable 'inpaint_net/pmconv4_downsample/kernel:0' shape=(3, 3, 48, 192) dtype=float32_ref>, <tf.Variable 'inpaint_net/pmconv4_downsample/bias:0' shape=(192,) dtype=float32_ref>, <tf.Variable 'inpaint_net/pmconv5/kernel:0' shape=(3, 3, 96, 192) dtype=float32_ref>, <tf.Variable 'inpaint_net/pmconv5/bias:0' shape=(192,) dtype=float32_ref>, <tf.Variable 'inpaint_net/pmconv6/kernel:0' shape=(3, 3, 96, 192) dtype=float32_ref>, <tf.Variable 'inpaint_net/pmconv6/bias:0' shape=(192,) dtype=float32_ref>, <tf.Variable 'inpaint_net/pmconv9/kernel:0' shape=(3, 3, 96, 192) dtype=float32_ref>, <tf.Variable 'inpaint_net/pmconv9/bias:0' shape=(192,) dtype=float32_ref>, <tf.Variable 'inpaint_net/pmconv10/kernel:0' shape=(3, 3, 96, 192) dtype=float32_ref>, <tf.Variable 'inpaint_net/pmconv10/bias:0' shape=(192,) dtype=float32_ref>, <tf.Variable 'inpaint_net/allconv11/kernel:0' shape=(3, 3, 192, 192) dtype=float32_ref>, <tf.Variable 'inpaint_net/allconv11/bias:0' shape=(192,) dtype=float32_ref>, <tf.Variable 'inpaint_net/allconv12/kernel:0' shape=(3, 3, 96, 192) dtype=float32_ref>, <tf.Variable 'inpaint_net/allconv12/bias:0' shape=(192,) dtype=float32_ref>, <tf.Variable 'inpaint_net/allconv13_upsample/allconv13_upsample_conv/kernel:0' shape=(3, 3, 96, 96) dtype=float32_ref>, <tf.Variable 'inpaint_net/allconv13_upsample/allconv13_upsample_conv/bias:0' shape=(96,) dtype=float32_ref>, <tf.Variable 'inpaint_net/allconv14/kernel:0' shape=(3, 3, 48, 96) dtype=float32_ref>, <tf.Variable 'inpaint_net/allconv14/bias:0' shape=(96,) dtype=float32_ref>, <tf.Variable 'inpaint_net/allconv15_upsample/allconv15_upsample_conv/kernel:0' shape=(3, 3, 48, 48) dtype=float32_ref>, <tf.Variable 'inpaint_net/allconv15_upsample/allconv15_upsample_conv/bias:0' shape=(48,) dtype=float32_ref>, <tf.Variable 'inpaint_net/allconv16/kernel:0' shape=(3, 3, 24, 24) dtype=float32_ref>, <tf.Variable 'inpaint_net/allconv16/bias:0' shape=(24,) dtype=float32_ref>, <tf.Variable 'inpaint_net/allconv17/kernel:0' shape=(3, 3, 12, 3) dtype=float32_ref>, <tf.Variable 'inpaint_net/allconv17/bias:0' shape=(3,) dtype=float32_ref>]WARNING:tensorflow:From /home/bo/anaconda3/envs/lwss/lib/python3.7/site-packages/neuralgym/ops/summary_ops.py:129: The name tf.summary.image is deprecated. Please use tf.compat.v1.summary.image instead.

2022-04-04 12:45:30.159092: I tensorflow/core/platform/cpu_feature_guard.cc:142] Your CPU supports instructions that this TensorFlow binary was not compiled to use: AVX2 FMA
2022-04-04 12:45:30.353462: I tensorflow/core/platform/profile_utils/cpu_utils.cc:94] CPU Frequency: 2199985000 Hz
2022-04-04 12:45:30.359301: I tensorflow/compiler/xla/service/service.cc:168] XLA service 0x55ddcb1f6f90 executing computations on platform Host. Devices:
2022-04-04 12:45:30.359444: I tensorflow/compiler/xla/service/service.cc:175]   StreamExecutor device (0): <undefined>, <undefined>
2022-04-04 12:45:30.363913: I tensorflow/stream_executor/platform/default/dso_loader.cc:42] Successfully opened dynamic library libcuda.so.1
2022-04-04 12:45:33.937430: I tensorflow/core/common_runtime/gpu/gpu_device.cc:1640] Found device 0 with properties: 
name: GeForce RTX 2080 Ti major: 7 minor: 5 memoryClockRate(GHz): 1.65
pciBusID: 0000:01:00.0
2022-04-04 12:45:33.938886: I tensorflow/core/common_runtime/gpu/gpu_device.cc:1640] Found device 1 with properties: 
name: GeForce RTX 2080 Ti major: 7 minor: 5 memoryClockRate(GHz): 1.65
pciBusID: 0000:02:00.0
2022-04-04 12:45:33.940284: I tensorflow/core/common_runtime/gpu/gpu_device.cc:1640] Found device 2 with properties: 
name: GeForce RTX 2080 Ti major: 7 minor: 5 memoryClockRate(GHz): 1.545
pciBusID: 0000:83:00.0
2022-04-04 12:45:33.940672: I tensorflow/stream_executor/platform/default/dso_loader.cc:53] Could not dlopen library 'libcudart.so.10.0'; dlerror: libcudart.so.10.0: cannot open shared object file: No such file or directory; LD_LIBRARY_PATH: /home/lws/.local/lib/python3.7/site-packages/cv2/../../lib64:/usr/local/cuda-10.2/lib64:
2022-04-04 12:45:33.940888: I tensorflow/stream_executor/platform/default/dso_loader.cc:53] Could not dlopen library 'libcublas.so.10.0'; dlerror: libcublas.so.10.0: cannot open shared object file: No such file or directory; LD_LIBRARY_PATH: /home/lws/.local/lib/python3.7/site-packages/cv2/../../lib64:/usr/local/cuda-10.2/lib64:
2022-04-04 12:45:33.941082: I tensorflow/stream_executor/platform/default/dso_loader.cc:53] Could not dlopen library 'libcufft.so.10.0'; dlerror: libcufft.so.10.0: cannot open shared object file: No such file or directory; LD_LIBRARY_PATH: /home/lws/.local/lib/python3.7/site-packages/cv2/../../lib64:/usr/local/cuda-10.2/lib64:
2022-04-04 12:45:33.967041: I tensorflow/stream_executor/platform/default/dso_loader.cc:53] Could not dlopen library 'libcurand.so.10.0'; dlerror: libcurand.so.10.0: cannot open shared object file: No such file or directory; LD_LIBRARY_PATH: /home/lws/.local/lib/python3.7/site-packages/cv2/../../lib64:/usr/local/cuda-10.2/lib64:
2022-04-04 12:45:33.967436: I tensorflow/stream_executor/platform/default/dso_loader.cc:53] Could not dlopen library 'libcusolver.so.10.0'; dlerror: libcusolver.so.10.0: cannot open shared object file: No such file or directory; LD_LIBRARY_PATH: /home/lws/.local/lib/python3.7/site-packages/cv2/../../lib64:/usr/local/cuda-10.2/lib64:
2022-04-04 12:45:33.967654: I tensorflow/stream_executor/platform/default/dso_loader.cc:53] Could not dlopen library 'libcusparse.so.10.0'; dlerror: libcusparse.so.10.0: cannot open shared object file: No such file or directory; LD_LIBRARY_PATH: /home/lws/.local/lib/python3.7/site-packages/cv2/../../lib64:/usr/local/cuda-10.2/lib64:
2022-04-04 12:45:33.967881: I tensorflow/stream_executor/platform/default/dso_loader.cc:53] Could not dlopen library 'libcudnn.so.7'; dlerror: libcudnn.so.7: cannot open shared object file: No such file or directory; LD_LIBRARY_PATH: /home/lws/.local/lib/python3.7/site-packages/cv2/../../lib64:/usr/local/cuda-10.2/lib64:
2022-04-04 12:45:33.967909: W tensorflow/core/common_runtime/gpu/gpu_device.cc:1663] Cannot dlopen some GPU libraries. Skipping registering GPU devices...
2022-04-04 12:45:33.968185: I tensorflow/core/common_runtime/gpu/gpu_device.cc:1181] Device interconnect StreamExecutor with strength 1 edge matrix:
2022-04-04 12:45:33.968212: I tensorflow/core/common_runtime/gpu/gpu_device.cc:1187]      0 1 2 
2022-04-04 12:45:33.968251: I tensorflow/core/common_runtime/gpu/gpu_device.cc:1200] 0:   N N N 
2022-04-04 12:45:33.968268: I tensorflow/core/common_runtime/gpu/gpu_device.cc:1200] 1:   N N N 
2022-04-04 12:45:33.968283: I tensorflow/core/common_runtime/gpu/gpu_device.cc:1200] 2:   N N N 
2022-04-04 12:45:34.029861: I tensorflow/compiler/xla/service/service.cc:168] XLA service 0x55ddceaf6120 executing computations on platform CUDA. Devices:
2022-04-04 12:45:34.029969: I tensorflow/compiler/xla/service/service.cc:175]   StreamExecutor device (0): GeForce RTX 2080 Ti, Compute Capability 7.5
2022-04-04 12:45:34.030010: I tensorflow/compiler/xla/service/service.cc:175]   StreamExecutor device (1): GeForce RTX 2080 Ti, Compute Capability 7.5
2022-04-04 12:45:34.030025: I tensorflow/compiler/xla/service/service.cc:175]   StreamExecutor device (2): GeForce RTX 2080 Ti, Compute Capability 7.5
WARNING:tensorflow:From /home/bo/anaconda3/envs/lwss/lib/python3.7/site-packages/neuralgym/train/trainer.py:89: The name tf.summary.FileWriter is deprecated. Please use tf.compat.v1.summary.FileWriter instead.

WARNING:tensorflow:Issue encountered when serializing queue_runners.
Type is unsupported, or the types of the items don't match field type in CollectionDef. Note this is a warning and probably safe to ignore.
'QueueRunner' object has no attribute '_queue_closed_exception_types'
WARNING:tensorflow:From /home/bo/anaconda3/envs/lwss/lib/python3.7/site-packages/neuralgym/train/trainer.py:91: The name tf.train.Saver is deprecated. Please use tf.compat.v1.train.Saver instead.

WARNING:tensorflow:From /home/bo/anaconda3/envs/lwss/lib/python3.7/site-packages/neuralgym/train/trainer.py:96: start_queue_runners (from tensorflow.python.training.queue_runner_impl) is deprecated and will be removed in a future version.
Instructions for updating:
To construct input pipelines, use the `tf.data` module.
2022-04-04 12:46:00.582856: W tensorflow/compiler/jit/mark_for_compilation_pass.cc:1412] (One-time warning): Not using XLA:CPU for cluster because envvar TF_XLA_FLAGS=--tf_xla_cpu_global_jit was not set.  If you want XLA:CPU, either set that envvar, or use experimental_jit_scope to enable XLA:CPU.  To confirm that XLA is active, pass --vmodule=xla_compilation_cache=1 (as a proper command-line flag, not via TF_XLA_FLAGS) or set the envvar XLA_FLAGS=--xla_hlo_profile.

graph_def: <function multigpu_graph_def at 0x7fac61fd6290>
graph_def_kwargs: {'model': <inpaint_model.InpaintCAModel object at 0x7fac01192510>, 'FLAGS': {}, 'data': <neuralgym.data.data_from_fnames.DataFromFNames object at 0x7fac0124a6d0>, 'loss_type': 'd'}
async_train: False
feed_dict: {}
max_iters: 1
log_dir: /tmp/neuralgym
spe: 1
grads_summary: False
log_progress: False
--------------------------------------------------------------------------------
-------------------------- Context Of Primary Trainer --------------------------
num_gpus: 2
optimizer: <tensorflow.python.training.adam.AdamOptimizer object at 0x7fabfb53ee90>
var_list: [<tf.Variable 'inpaint_net/conv1/kernel:0' shape=(5, 5, 5, 48) dtype=float32_ref>, <tf.Variable 'inpaint_net/conv1/bias:0' shape=(48,) dtype=float32_ref>, <tf.Variable 'inpaint_net/conv2_downsample/kernel:0' shape=(3, 3, 24, 96) dtype=float32_ref>, <tf.Variable 'inpaint_net/conv2_downsample/bias:0' shape=(96,) dtype=float32_ref>, <tf.Variable 'inpaint_net/conv3/kernel:0' shape=(3, 3, 48, 96) dtype=float32_ref>, <tf.Variable 'inpaint_net/conv3/bias:0' shape=(96,) dtype=float32_ref>, <tf.Variable 'inpaint_net/conv4_downsample/kernel:0' shape=(3, 3, 48, 192) dtype=float32_ref>, <tf.Variable 'inpaint_net/conv4_downsample/bias:0' shape=(192,) dtype=float32_ref>, <tf.Variable 'inpaint_net/conv5/kernel:0' shape=(3, 3, 96, 192) dtype=float32_ref>, <tf.Variable 'inpaint_net/conv5/bias:0' shape=(192,) dtype=float32_ref>, <tf.Variable 'inpaint_net/conv6/kernel:0' shape=(3, 3, 96, 192) dtype=float32_ref>, <tf.Variable 'inpaint_net/conv6/bias:0' shape=(192,) dtype=float32_ref>, <tf.Variable 'inpaint_net/conv7_atrous/kernel:0' shape=(3, 3, 96, 192) dtype=float32_ref>, <tf.Variable 'inpaint_net/conv7_atrous/bias:0' shape=(192,) dtype=float32_ref>, <tf.Variable 'inpaint_net/conv8_atrous/kernel:0' shape=(3, 3, 96, 192) dtype=float32_ref>, <tf.Variable 'inpaint_net/conv8_atrous/bias:0' shape=(192,) dtype=float32_ref>, <tf.Variable 'inpaint_net/conv9_atrous/kernel:0' shape=(3, 3, 96, 192) dtype=float32_ref>, <tf.Variable 'inpaint_net/conv9_atrous/bias:0' shape=(192,) dtype=float32_ref>, <tf.Variable 'inpaint_net/conv10_atrous/kernel:0' shape=(3, 3, 96, 192) dtype=float32_ref>, <tf.Variable 'inpaint_net/conv10_atrous/bias:0' shape=(192,) dtype=float32_ref>, <tf.Variable 'inpaint_net/conv11/kernel:0' shape=(3, 3, 96, 192) dtype=float32_ref>, <tf.Variable 'inpaint_net/conv11/bias:0' shape=(192,) dtype=float32_ref>, <tf.Variable 'inpaint_net/conv12/kernel:0' shape=(3, 3, 96, 192) dtype=float32_ref>, <tf.Variable 'inpaint_net/conv12/bias:0' shape=(192,) dtype=float32_ref>, <tf.Variable 'inpaint_net/conv13_upsample/conv13_upsample_conv/kernel:0' shape=(3, 3, 96, 96) dtype=float32_ref>, <tf.Variable 'inpaint_net/conv13_upsample/conv13_upsample_conv/bias:0' shape=(96,) dtype=float32_ref>, <tf.Variable 'inpaint_net/conv14/kernel:0' shape=(3, 3, 48, 96) dtype=float32_ref>, <tf.Variable 'inpaint_net/conv14/bias:0' shape=(96,) dtype=float32_ref>, <tf.Variable 'inpaint_net/conv15_upsample/conv15_upsample_conv/kernel:0' shape=(3, 3, 48, 48) dtype=float32_ref>, <tf.Variable 'inpaint_net/conv15_upsample/conv15_upsample_conv/bias:0' shape=(48,) dtype=float32_ref>, <tf.Variable 'inpaint_net/conv16/kernel:0' shape=(3, 3, 24, 24) dtype=float32_ref>, <tf.Variable 'inpaint_net/conv16/bias:0' shape=(24,) dtype=float32_ref>, <tf.Variable 'inpaint_net/conv17/kernel:0' shape=(3, 3, 12, 3) dtype=float32_ref>, <tf.Variable 'inpaint_net/conv17/bias:0' shape=(3,) dtype=float32_ref>, <tf.Variable 'inpaint_net/xconv1/kernel:0' shape=(5, 5, 3, 48) dtype=float32_ref>, <tf.Variable 'inpaint_net/xconv1/bias:0' shape=(48,) dtype=float32_ref>, <tf.Variable 'inpaint_net/xconv2_downsample/kernel:0' shape=(3, 3, 24, 48) dtype=float32_ref>, <tf.Variable 'inpaint_net/xconv2_downsample/bias:0' shape=(48,) dtype=float32_ref>, <tf.Variable 'inpaint_net/xconv3/kernel:0' shape=(3, 3, 24, 96) dtype=float32_ref>, <tf.Variable 'inpaint_net/xconv3/bias:0' shape=(96,) dtype=float32_ref>, <tf.Variable 'inpaint_net/xconv4_downsample/kernel:0' shape=(3, 3, 48, 96) dtype=float32_ref>, <tf.Variable 'inpaint_net/xconv4_downsample/bias:0' shape=(96,) dtype=float32_ref>, <tf.Variable 'inpaint_net/xconv5/kernel:0' shape=(3, 3, 48, 192) dtype=float32_ref>, <tf.Variable 'inpaint_net/xconv5/bias:0' shape=(192,) dtype=float32_ref>, <tf.Variable 'inpaint_net/xconv6/kernel:0' shape=(3, 3, 96, 192) dtype=float32_ref>, <tf.Variable 'inpaint_net/xconv6/bias:0' shape=(192,) dtype=float32_ref>, <tf.Variable 'inpaint_net/xconv7_atrous/kernel:0' shape=(3, 3, 96, 192) dtype=float32_ref>, <tf.Variable 'inpaint_net/xconv7_atrous/bias:0' shape=(192,) dtype=float32_ref>, <tf.Variable 'inpaint_net/xconv8_atrous/kernel:0' shape=(3, 3, 96, 192) dtype=float32_ref>, <tf.Variable 'inpaint_net/xconv8_atrous/bias:0' shape=(192,) dtype=float32_ref>, <tf.Variable 'inpaint_net/xconv9_atrous/kernel:0' shape=(3, 3, 96, 192) dtype=float32_ref>, <tf.Variable 'inpaint_net/xconv9_atrous/bias:0' shape=(192,) dtype=float32_ref>, <tf.Variable 'inpaint_net/xconv10_atrous/kernel:0' shape=(3, 3, 96, 192) dtype=float32_ref>, <tf.Variable 'inpaint_net/xconv10_atrous/bias:0' shape=(192,) dtype=float32_ref>, <tf.Variable 'inpaint_net/pmconv1/kernel:0' shape=(5, 5, 3, 48) dtype=float32_ref>, <tf.Variable 'inpaint_net/pmconv1/bias:0' shape=(48,) dtype=float32_ref>, <tf.Variable 'inpaint_net/pmconv2_downsample/kernel:0' shape=(3, 3, 24, 48) dtype=float32_ref>, <tf.Variable 'inpaint_net/pmconv2_downsample/bias:0' shape=(48,) dtype=float32_ref>, <tf.Variable 'inpaint_net/pmconv3/kernel:0' shape=(3, 3, 24, 96) dtype=float32_ref>, <tf.Variable 'inpaint_net/pmconv3/bias:0' shape=(96,) dtype=float32_ref>, <tf.Variable 'inpaint_net/pmconv4_downsample/kernel:0' shape=(3, 3, 48, 192) dtype=float32_ref>, <tf.Variable 'inpaint_net/pmconv4_downsample/bias:0' shape=(192,) dtype=float32_ref>, <tf.Variable 'inpaint_net/pmconv5/kernel:0' shape=(3, 3, 96, 192) dtype=float32_ref>, <tf.Variable 'inpaint_net/pmconv5/bias:0' shape=(192,) dtype=float32_ref>, <tf.Variable 'inpaint_net/pmconv6/kernel:0' shape=(3, 3, 96, 192) dtype=float32_ref>, <tf.Variable 'inpaint_net/pmconv6/bias:0' shape=(192,) dtype=float32_ref>, <tf.Variable 'inpaint_net/pmconv9/kernel:0' shape=(3, 3, 96, 192) dtype=float32_ref>, <tf.Variable 'inpaint_net/pmconv9/bias:0' shape=(192,) dtype=float32_ref>, <tf.Variable 'inpaint_net/pmconv10/kernel:0' shape=(3, 3, 96, 192) dtype=float32_ref>, <tf.Variable 'inpaint_net/pmconv10/bias:0' shape=(192,) dtype=float32_ref>, <tf.Variable 'inpaint_net/allconv11/kernel:0' shape=(3, 3, 192, 192) dtype=float32_ref>, <tf.Variable 'inpaint_net/allconv11/bias:0' shape=(192,) dtype=float32_ref>, <tf.Variable 'inpaint_net/allconv12/kernel:0' shape=(3, 3, 96, 192) dtype=float32_ref>, <tf.Variable 'inpaint_net/allconv12/bias:0' shape=(192,) dtype=float32_ref>, <tf.Variable 'inpaint_net/allconv13_upsample/allconv13_upsample_conv/kernel:0' shape=(3, 3, 96, 96) dtype=float32_ref>, <tf.Variable 'inpaint_net/allconv13_upsample/allconv13_upsample_conv/bias:0' shape=(96,) dtype=float32_ref>, <tf.Variable 'inpaint_net/allconv14/kernel:0' shape=(3, 3, 48, 96) dtype=float32_ref>, <tf.Variable 'inpaint_net/allconv14/bias:0' shape=(96,) dtype=float32_ref>, <tf.Variable 'inpaint_net/allconv15_upsample/allconv15_upsample_conv/kernel:0' shape=(3, 3, 48, 48) dtype=float32_ref>, <tf.Variable 'inpaint_net/allconv15_upsample/allconv15_upsample_conv/bias:0' shape=(48,) dtype=float32_ref>, <tf.Variable 'inpaint_net/allconv16/kernel:0' shape=(3, 3, 24, 24) dtype=float32_ref>, <tf.Variable 'inpaint_net/allconv16/bias:0' shape=(24,) dtype=float32_ref>, <tf.Variable 'inpaint_net/allconv17/kernel:0' shape=(3, 3, 12, 3) dtype=float32_ref>, <tf.Variable 'inpaint_net/allconv17/bias:0' shape=(3,) dtype=float32_ref>]
graph_def: <function multigpu_graph_def at 0x7fac61fd6290>
gradient_processor: None
graph_def_kwargs: {'model': <inpaint_model.InpaintCAModel object at 0x7fac01192510>, 'FLAGS': {}, 'data': <neuralgym.data.data_from_fnames.DataFromFNames object at 0x7fac0124a6d0>, 'loss_type': 'g'}
async_train: False
feed_dict: {}
max_iters: 100000000
log_dir: logggggggss/full_model_places2_256WARNING:tensorflow:From train2.py:101: The name tf.summary.merge_all is deprecated. Please use tf.compat.v1.summary.merge_all instead.

